<?xml version="1.0" encoding="UTF-8"?>
<testsuite xmlns:xsi="http://www.w3.org/2001/XMLSchema-instance" xsi:noNamespaceSchemaLocation="https://maven.apache.org/surefire/maven-surefire-plugin/xsd/surefire-test-report-3.0.xsd" version="3.0" name="Data Tables Feature" time="10.086" tests="1" errors="1" skipped="0" failures="0">
  <properties>
    <property name="java.specification.version" value="21"/>
    <property name="sun.jnu.encoding" value="UTF-8"/>
    <property name="java.class.path" value="/Users/emirkarsli/IdeaProjects/SDA-2024-Onsite-Cucumber/target/test-classes:/Users/emirkarsli/IdeaProjects/SDA-2024-Onsite-Cucumber/target/classes:/Users/emirkarsli/.m2/repository/io/cucumber/cucumber-java/7.16.1/cucumber-java-7.16.1.jar:/Users/emirkarsli/.m2/repository/io/cucumber/cucumber-core/7.16.1/cucumber-core-7.16.1.jar:/Users/emirkarsli/.m2/repository/io/cucumber/cucumber-gherkin/7.16.1/cucumber-gherkin-7.16.1.jar:/Users/emirkarsli/.m2/repository/io/cucumber/cucumber-gherkin-messages/7.16.1/cucumber-gherkin-messages-7.16.1.jar:/Users/emirkarsli/.m2/repository/io/cucumber/gherkin/28.0.0/gherkin-28.0.0.jar:/Users/emirkarsli/.m2/repository/io/cucumber/messages/24.1.0/messages-24.1.0.jar:/Users/emirkarsli/.m2/repository/io/cucumber/tag-expressions/6.1.0/tag-expressions-6.1.0.jar:/Users/emirkarsli/.m2/repository/io/cucumber/cucumber-expressions/17.1.0/cucumber-expressions-17.1.0.jar:/Users/emirkarsli/.m2/repository/io/cucumber/datatable/7.16.1/datatable-7.16.1.jar:/Users/emirkarsli/.m2/repository/io/cucumber/cucumber-plugin/7.16.1/cucumber-plugin-7.16.1.jar:/Users/emirkarsli/.m2/repository/io/cucumber/docstring/7.16.1/docstring-7.16.1.jar:/Users/emirkarsli/.m2/repository/io/cucumber/html-formatter/21.3.0/html-formatter-21.3.0.jar:/Users/emirkarsli/.m2/repository/io/cucumber/junit-xml-formatter/0.3.0/junit-xml-formatter-0.3.0.jar:/Users/emirkarsli/.m2/repository/io/cucumber/ci-environment/10.0.1/ci-environment-10.0.1.jar:/Users/emirkarsli/.m2/repository/org/apiguardian/apiguardian-api/1.1.2/apiguardian-api-1.1.2.jar:/Users/emirkarsli/.m2/repository/io/cucumber/cucumber-junit/7.16.1/cucumber-junit-7.16.1.jar:/Users/emirkarsli/.m2/repository/junit/junit/4.13.2/junit-4.13.2.jar:/Users/emirkarsli/.m2/repository/org/hamcrest/hamcrest-core/1.3/hamcrest-core-1.3.jar:/Users/emirkarsli/.m2/repository/org/seleniumhq/selenium/selenium-java/4.18.1/selenium-java-4.18.1.jar:/Users/emirkarsli/.m2/repository/org/seleniumhq/selenium/selenium-api/4.18.1/selenium-api-4.18.1.jar:/Users/emirkarsli/.m2/repository/org/seleniumhq/selenium/selenium-chrome-driver/4.18.1/selenium-chrome-driver-4.18.1.jar:/Users/emirkarsli/.m2/repository/com/google/auto/service/auto-service-annotations/1.1.1/auto-service-annotations-1.1.1.jar:/Users/emirkarsli/.m2/repository/org/seleniumhq/selenium/selenium-chromium-driver/4.18.1/selenium-chromium-driver-4.18.1.jar:/Users/emirkarsli/.m2/repository/org/seleniumhq/selenium/selenium-json/4.18.1/selenium-json-4.18.1.jar:/Users/emirkarsli/.m2/repository/org/seleniumhq/selenium/selenium-manager/4.18.1/selenium-manager-4.18.1.jar:/Users/emirkarsli/.m2/repository/org/seleniumhq/selenium/selenium-devtools-v120/4.18.1/selenium-devtools-v120-4.18.1.jar:/Users/emirkarsli/.m2/repository/org/seleniumhq/selenium/selenium-devtools-v121/4.18.1/selenium-devtools-v121-4.18.1.jar:/Users/emirkarsli/.m2/repository/org/seleniumhq/selenium/selenium-devtools-v122/4.18.1/selenium-devtools-v122-4.18.1.jar:/Users/emirkarsli/.m2/repository/org/seleniumhq/selenium/selenium-devtools-v85/4.18.1/selenium-devtools-v85-4.18.1.jar:/Users/emirkarsli/.m2/repository/org/seleniumhq/selenium/selenium-edge-driver/4.18.1/selenium-edge-driver-4.18.1.jar:/Users/emirkarsli/.m2/repository/org/seleniumhq/selenium/selenium-firefox-driver/4.18.1/selenium-firefox-driver-4.18.1.jar:/Users/emirkarsli/.m2/repository/org/seleniumhq/selenium/selenium-http/4.18.1/selenium-http-4.18.1.jar:/Users/emirkarsli/.m2/repository/dev/failsafe/failsafe/3.3.2/failsafe-3.3.2.jar:/Users/emirkarsli/.m2/repository/org/seleniumhq/selenium/selenium-ie-driver/4.18.1/selenium-ie-driver-4.18.1.jar:/Users/emirkarsli/.m2/repository/org/seleniumhq/selenium/selenium-remote-driver/4.18.1/selenium-remote-driver-4.18.1.jar:/Users/emirkarsli/.m2/repository/com/google/guava/guava/33.0.0-jre/guava-33.0.0-jre.jar:/Users/emirkarsli/.m2/repository/com/google/guava/failureaccess/1.0.2/failureaccess-1.0.2.jar:/Users/emirkarsli/.m2/repository/com/google/guava/listenablefuture/9999.0-empty-to-avoid-conflict-with-guava/listenablefuture-9999.0-empty-to-avoid-conflict-with-guava.jar:/Users/emirkarsli/.m2/repository/com/google/code/findbugs/jsr305/3.0.2/jsr305-3.0.2.jar:/Users/emirkarsli/.m2/repository/org/checkerframework/checker-qual/3.41.0/checker-qual-3.41.0.jar:/Users/emirkarsli/.m2/repository/com/google/errorprone/error_prone_annotations/2.23.0/error_prone_annotations-2.23.0.jar:/Users/emirkarsli/.m2/repository/com/google/j2objc/j2objc-annotations/2.8/j2objc-annotations-2.8.jar:/Users/emirkarsli/.m2/repository/io/opentelemetry/semconv/opentelemetry-semconv/1.23.1-alpha/opentelemetry-semconv-1.23.1-alpha.jar:/Users/emirkarsli/.m2/repository/io/opentelemetry/opentelemetry-api/1.35.0/opentelemetry-api-1.35.0.jar:/Users/emirkarsli/.m2/repository/io/opentelemetry/opentelemetry-context/1.35.0/opentelemetry-context-1.35.0.jar:/Users/emirkarsli/.m2/repository/io/opentelemetry/opentelemetry-exporter-logging/1.35.0/opentelemetry-exporter-logging-1.35.0.jar:/Users/emirkarsli/.m2/repository/io/opentelemetry/opentelemetry-sdk-common/1.35.0/opentelemetry-sdk-common-1.35.0.jar:/Users/emirkarsli/.m2/repository/io/opentelemetry/opentelemetry-sdk-extension-autoconfigure-spi/1.35.0/opentelemetry-sdk-extension-autoconfigure-spi-1.35.0.jar:/Users/emirkarsli/.m2/repository/io/opentelemetry/opentelemetry-sdk-extension-autoconfigure/1.35.0/opentelemetry-sdk-extension-autoconfigure-1.35.0.jar:/Users/emirkarsli/.m2/repository/io/opentelemetry/opentelemetry-api-events/1.35.0-alpha/opentelemetry-api-events-1.35.0-alpha.jar:/Users/emirkarsli/.m2/repository/io/opentelemetry/opentelemetry-sdk-trace/1.35.0/opentelemetry-sdk-trace-1.35.0.jar:/Users/emirkarsli/.m2/repository/io/opentelemetry/opentelemetry-extension-incubator/1.35.0-alpha/opentelemetry-extension-incubator-1.35.0-alpha.jar:/Users/emirkarsli/.m2/repository/io/opentelemetry/opentelemetry-sdk/1.35.0/opentelemetry-sdk-1.35.0.jar:/Users/emirkarsli/.m2/repository/io/opentelemetry/opentelemetry-sdk-metrics/1.35.0/opentelemetry-sdk-metrics-1.35.0.jar:/Users/emirkarsli/.m2/repository/io/opentelemetry/opentelemetry-sdk-logs/1.35.0/opentelemetry-sdk-logs-1.35.0.jar:/Users/emirkarsli/.m2/repository/net/bytebuddy/byte-buddy/1.14.12/byte-buddy-1.14.12.jar:/Users/emirkarsli/.m2/repository/org/seleniumhq/selenium/selenium-os/4.18.1/selenium-os-4.18.1.jar:/Users/emirkarsli/.m2/repository/org/apache/commons/commons-exec/1.3/commons-exec-1.3.jar:/Users/emirkarsli/.m2/repository/org/seleniumhq/selenium/selenium-safari-driver/4.18.1/selenium-safari-driver-4.18.1.jar:/Users/emirkarsli/.m2/repository/org/seleniumhq/selenium/selenium-support/4.18.1/selenium-support-4.18.1.jar:"/>
    <property name="java.vm.vendor" value="Homebrew"/>
    <property name="sun.arch.data.model" value="64"/>
    <property name="java.vendor.url" value="https://github.com/Homebrew/homebrew-core/issues"/>
    <property name="user.timezone" value="Asia/Riyadh"/>
    <property name="os.name" value="Mac OS X"/>
    <property name="java.vm.specification.version" value="21"/>
    <property name="sun.java.launcher" value="SUN_STANDARD"/>
    <property name="user.country" value="TR"/>
    <property name="sun.boot.library.path" value="/opt/homebrew/Cellar/openjdk/21.0.2/libexec/openjdk.jdk/Contents/Home/lib"/>
    <property name="sun.java.command" value="/Users/emirkarsli/IdeaProjects/SDA-2024-Onsite-Cucumber/target/surefire/surefirebooter-20240327100435303_3.jar /Users/emirkarsli/IdeaProjects/SDA-2024-Onsite-Cucumber/target/surefire 2024-03-27T10-04-35_253-jvmRun1 surefire-20240327100435303_1tmp surefire_0-20240327100435303_2tmp"/>
    <property name="http.nonProxyHosts" value="local|*.local|169.254/16|*.169.254/16"/>
    <property name="jdk.debug" value="release"/>
    <property name="surefire.test.class.path" value="/Users/emirkarsli/IdeaProjects/SDA-2024-Onsite-Cucumber/target/test-classes:/Users/emirkarsli/IdeaProjects/SDA-2024-Onsite-Cucumber/target/classes:/Users/emirkarsli/.m2/repository/io/cucumber/cucumber-java/7.16.1/cucumber-java-7.16.1.jar:/Users/emirkarsli/.m2/repository/io/cucumber/cucumber-core/7.16.1/cucumber-core-7.16.1.jar:/Users/emirkarsli/.m2/repository/io/cucumber/cucumber-gherkin/7.16.1/cucumber-gherkin-7.16.1.jar:/Users/emirkarsli/.m2/repository/io/cucumber/cucumber-gherkin-messages/7.16.1/cucumber-gherkin-messages-7.16.1.jar:/Users/emirkarsli/.m2/repository/io/cucumber/gherkin/28.0.0/gherkin-28.0.0.jar:/Users/emirkarsli/.m2/repository/io/cucumber/messages/24.1.0/messages-24.1.0.jar:/Users/emirkarsli/.m2/repository/io/cucumber/tag-expressions/6.1.0/tag-expressions-6.1.0.jar:/Users/emirkarsli/.m2/repository/io/cucumber/cucumber-expressions/17.1.0/cucumber-expressions-17.1.0.jar:/Users/emirkarsli/.m2/repository/io/cucumber/datatable/7.16.1/datatable-7.16.1.jar:/Users/emirkarsli/.m2/repository/io/cucumber/cucumber-plugin/7.16.1/cucumber-plugin-7.16.1.jar:/Users/emirkarsli/.m2/repository/io/cucumber/docstring/7.16.1/docstring-7.16.1.jar:/Users/emirkarsli/.m2/repository/io/cucumber/html-formatter/21.3.0/html-formatter-21.3.0.jar:/Users/emirkarsli/.m2/repository/io/cucumber/junit-xml-formatter/0.3.0/junit-xml-formatter-0.3.0.jar:/Users/emirkarsli/.m2/repository/io/cucumber/ci-environment/10.0.1/ci-environment-10.0.1.jar:/Users/emirkarsli/.m2/repository/org/apiguardian/apiguardian-api/1.1.2/apiguardian-api-1.1.2.jar:/Users/emirkarsli/.m2/repository/io/cucumber/cucumber-junit/7.16.1/cucumber-junit-7.16.1.jar:/Users/emirkarsli/.m2/repository/junit/junit/4.13.2/junit-4.13.2.jar:/Users/emirkarsli/.m2/repository/org/hamcrest/hamcrest-core/1.3/hamcrest-core-1.3.jar:/Users/emirkarsli/.m2/repository/org/seleniumhq/selenium/selenium-java/4.18.1/selenium-java-4.18.1.jar:/Users/emirkarsli/.m2/repository/org/seleniumhq/selenium/selenium-api/4.18.1/selenium-api-4.18.1.jar:/Users/emirkarsli/.m2/repository/org/seleniumhq/selenium/selenium-chrome-driver/4.18.1/selenium-chrome-driver-4.18.1.jar:/Users/emirkarsli/.m2/repository/com/google/auto/service/auto-service-annotations/1.1.1/auto-service-annotations-1.1.1.jar:/Users/emirkarsli/.m2/repository/org/seleniumhq/selenium/selenium-chromium-driver/4.18.1/selenium-chromium-driver-4.18.1.jar:/Users/emirkarsli/.m2/repository/org/seleniumhq/selenium/selenium-json/4.18.1/selenium-json-4.18.1.jar:/Users/emirkarsli/.m2/repository/org/seleniumhq/selenium/selenium-manager/4.18.1/selenium-manager-4.18.1.jar:/Users/emirkarsli/.m2/repository/org/seleniumhq/selenium/selenium-devtools-v120/4.18.1/selenium-devtools-v120-4.18.1.jar:/Users/emirkarsli/.m2/repository/org/seleniumhq/selenium/selenium-devtools-v121/4.18.1/selenium-devtools-v121-4.18.1.jar:/Users/emirkarsli/.m2/repository/org/seleniumhq/selenium/selenium-devtools-v122/4.18.1/selenium-devtools-v122-4.18.1.jar:/Users/emirkarsli/.m2/repository/org/seleniumhq/selenium/selenium-devtools-v85/4.18.1/selenium-devtools-v85-4.18.1.jar:/Users/emirkarsli/.m2/repository/org/seleniumhq/selenium/selenium-edge-driver/4.18.1/selenium-edge-driver-4.18.1.jar:/Users/emirkarsli/.m2/repository/org/seleniumhq/selenium/selenium-firefox-driver/4.18.1/selenium-firefox-driver-4.18.1.jar:/Users/emirkarsli/.m2/repository/org/seleniumhq/selenium/selenium-http/4.18.1/selenium-http-4.18.1.jar:/Users/emirkarsli/.m2/repository/dev/failsafe/failsafe/3.3.2/failsafe-3.3.2.jar:/Users/emirkarsli/.m2/repository/org/seleniumhq/selenium/selenium-ie-driver/4.18.1/selenium-ie-driver-4.18.1.jar:/Users/emirkarsli/.m2/repository/org/seleniumhq/selenium/selenium-remote-driver/4.18.1/selenium-remote-driver-4.18.1.jar:/Users/emirkarsli/.m2/repository/com/google/guava/guava/33.0.0-jre/guava-33.0.0-jre.jar:/Users/emirkarsli/.m2/repository/com/google/guava/failureaccess/1.0.2/failureaccess-1.0.2.jar:/Users/emirkarsli/.m2/repository/com/google/guava/listenablefuture/9999.0-empty-to-avoid-conflict-with-guava/listenablefuture-9999.0-empty-to-avoid-conflict-with-guava.jar:/Users/emirkarsli/.m2/repository/com/google/code/findbugs/jsr305/3.0.2/jsr305-3.0.2.jar:/Users/emirkarsli/.m2/repository/org/checkerframework/checker-qual/3.41.0/checker-qual-3.41.0.jar:/Users/emirkarsli/.m2/repository/com/google/errorprone/error_prone_annotations/2.23.0/error_prone_annotations-2.23.0.jar:/Users/emirkarsli/.m2/repository/com/google/j2objc/j2objc-annotations/2.8/j2objc-annotations-2.8.jar:/Users/emirkarsli/.m2/repository/io/opentelemetry/semconv/opentelemetry-semconv/1.23.1-alpha/opentelemetry-semconv-1.23.1-alpha.jar:/Users/emirkarsli/.m2/repository/io/opentelemetry/opentelemetry-api/1.35.0/opentelemetry-api-1.35.0.jar:/Users/emirkarsli/.m2/repository/io/opentelemetry/opentelemetry-context/1.35.0/opentelemetry-context-1.35.0.jar:/Users/emirkarsli/.m2/repository/io/opentelemetry/opentelemetry-exporter-logging/1.35.0/opentelemetry-exporter-logging-1.35.0.jar:/Users/emirkarsli/.m2/repository/io/opentelemetry/opentelemetry-sdk-common/1.35.0/opentelemetry-sdk-common-1.35.0.jar:/Users/emirkarsli/.m2/repository/io/opentelemetry/opentelemetry-sdk-extension-autoconfigure-spi/1.35.0/opentelemetry-sdk-extension-autoconfigure-spi-1.35.0.jar:/Users/emirkarsli/.m2/repository/io/opentelemetry/opentelemetry-sdk-extension-autoconfigure/1.35.0/opentelemetry-sdk-extension-autoconfigure-1.35.0.jar:/Users/emirkarsli/.m2/repository/io/opentelemetry/opentelemetry-api-events/1.35.0-alpha/opentelemetry-api-events-1.35.0-alpha.jar:/Users/emirkarsli/.m2/repository/io/opentelemetry/opentelemetry-sdk-trace/1.35.0/opentelemetry-sdk-trace-1.35.0.jar:/Users/emirkarsli/.m2/repository/io/opentelemetry/opentelemetry-extension-incubator/1.35.0-alpha/opentelemetry-extension-incubator-1.35.0-alpha.jar:/Users/emirkarsli/.m2/repository/io/opentelemetry/opentelemetry-sdk/1.35.0/opentelemetry-sdk-1.35.0.jar:/Users/emirkarsli/.m2/repository/io/opentelemetry/opentelemetry-sdk-metrics/1.35.0/opentelemetry-sdk-metrics-1.35.0.jar:/Users/emirkarsli/.m2/repository/io/opentelemetry/opentelemetry-sdk-logs/1.35.0/opentelemetry-sdk-logs-1.35.0.jar:/Users/emirkarsli/.m2/repository/net/bytebuddy/byte-buddy/1.14.12/byte-buddy-1.14.12.jar:/Users/emirkarsli/.m2/repository/org/seleniumhq/selenium/selenium-os/4.18.1/selenium-os-4.18.1.jar:/Users/emirkarsli/.m2/repository/org/apache/commons/commons-exec/1.3/commons-exec-1.3.jar:/Users/emirkarsli/.m2/repository/org/seleniumhq/selenium/selenium-safari-driver/4.18.1/selenium-safari-driver-4.18.1.jar:/Users/emirkarsli/.m2/repository/org/seleniumhq/selenium/selenium-support/4.18.1/selenium-support-4.18.1.jar:"/>
    <property name="sun.cpu.endian" value="little"/>
    <property name="user.home" value="/Users/emirkarsli"/>
    <property name="user.language" value="en"/>
    <property name="java.specification.vendor" value="Oracle Corporation"/>
    <property name="java.version.date" value="2024-01-16"/>
    <property name="java.home" value="/opt/homebrew/Cellar/openjdk/21.0.2/libexec/openjdk.jdk/Contents/Home"/>
    <property name="file.separator" value="/"/>
    <property name="basedir" value="/Users/emirkarsli/IdeaProjects/SDA-2024-Onsite-Cucumber"/>
    <property name="java.vm.compressedOopsMode" value="Zero based"/>
    <property name="line.separator" value="&#10;"/>
    <property name="java.vm.specification.vendor" value="Oracle Corporation"/>
    <property name="java.specification.name" value="Java Platform API Specification"/>
    <property name="apple.awt.application.name" value="ForkedBooter"/>
    <property name="surefire.real.class.path" value="/Users/emirkarsli/IdeaProjects/SDA-2024-Onsite-Cucumber/target/surefire/surefirebooter-20240327100435303_3.jar"/>
    <property name="sun.management.compiler" value="HotSpot 64-Bit Tiered Compilers"/>
    <property name="ftp.nonProxyHosts" value="local|*.local|169.254/16|*.169.254/16"/>
    <property name="java.runtime.version" value="21.0.2"/>
    <property name="user.name" value="emirkarsli"/>
    <property name="stdout.encoding" value="UTF-8"/>
    <property name="path.separator" value=":"/>
    <property name="os.version" value="14.3.1"/>
    <property name="java.runtime.name" value="OpenJDK Runtime Environment"/>
    <property name="file.encoding" value="UTF-8"/>
    <property name="java.vm.name" value="OpenJDK 64-Bit Server VM"/>
    <property name="java.vendor.version" value="Homebrew"/>
    <property name="localRepository" value="/Users/emirkarsli/.m2/repository"/>
    <property name="java.vendor.url.bug" value="https://github.com/Homebrew/homebrew-core/issues"/>
    <property name="java.io.tmpdir" value="/var/folders/pz/x0r3yh4136s5j4r5jj7wz6q80000gn/T/"/>
    <property name="java.version" value="21.0.2"/>
    <property name="user.dir" value="/Users/emirkarsli/IdeaProjects/SDA-2024-Onsite-Cucumber"/>
    <property name="os.arch" value="aarch64"/>
    <property name="java.vm.specification.name" value="Java Virtual Machine Specification"/>
    <property name="native.encoding" value="UTF-8"/>
    <property name="java.library.path" value="/Users/emirkarsli/Library/Java/Extensions:/Library/Java/Extensions:/Network/Library/Java/Extensions:/System/Library/Java/Extensions:/usr/lib/java:."/>
    <property name="java.vm.info" value="mixed mode, sharing"/>
    <property name="stderr.encoding" value="UTF-8"/>
    <property name="java.vendor" value="Homebrew"/>
    <property name="java.vm.version" value="21.0.2"/>
    <property name="sun.io.unicode.encoding" value="UnicodeBig"/>
    <property name="socksNonProxyHosts" value="local|*.local|169.254/16|*.169.254/16"/>
    <property name="java.class.version" value="65.0"/>
  </properties>
  <testcase name="Data Tables Test" classname="Data Tables Feature" time="10.041">
    <error message="Cannot invoke &quot;org.openqa.selenium.WebDriver.close()&quot; because the return value of &quot;java.lang.ThreadLocal.get()&quot; is null" type="java.lang.NullPointerException"><![CDATA[java.lang.NullPointerException: Cannot invoke "org.openqa.selenium.WebDriver.close()" because the return value of "java.lang.ThreadLocal.get()" is null
	at utilities.Driver.closeDriver(Driver.java:36)
	at stepdefinitions.CommonStepDef.i_close_the_browser(CommonStepDef.java:46)
	at ✽.I close the browser(file:///Users/emirkarsli/IdeaProjects/SDA-2024-Onsite-Cucumber/src/test/resources/features/dataTables.feature:8)
]]></error>
    <system-out><![CDATA[Before the scenario: Setting up the environment...
Scenario id: b76df651-da70-4842-8b03-13b8b4dbbd08
Scenario name: Data Tables Test
[amazon, google, ebay]
amazon
google
ebay
After the scenario, cleaning up the test environment
Scenario status: FAILED
Scenario isFailed?: true
]]></system-out>
    <system-err><![CDATA[Mar 27, 2024 10:04:43 AM org.openqa.selenium.manager.SeleniumManager lambda$runCommand$1
WARNING: Error sending stats to Plausible: error sending request for url (https://plausible.io/api/event): operation timed out
Mar 27, 2024 10:04:45 AM org.openqa.selenium.devtools.CdpVersionFinder findNearestMatch
WARNING: Unable to find an exact match for CDP version 123, returning the closest version; found: 122; Please update to a Selenium version that supports CDP version 123
]]></system-err>
  </testcase>
</testsuite>